0 info it worked if it ends with ok
1 verbose cli [ '/usr/local/bin/node',
1 verbose cli   '/usr/local/bin/npm',
1 verbose cli   'install',
1 verbose cli   'node-webkit' ]
2 info using npm@1.4.28
3 info using node@v0.10.32
4 verbose cache add [ 'node-webkit', null ]
5 verbose cache add name=undefined spec="node-webkit" args=["node-webkit",null]
6 verbose parsed url { protocol: null,
6 verbose parsed url   slashes: null,
6 verbose parsed url   auth: null,
6 verbose parsed url   host: null,
6 verbose parsed url   port: null,
6 verbose parsed url   hostname: null,
6 verbose parsed url   hash: null,
6 verbose parsed url   search: null,
6 verbose parsed url   query: null,
6 verbose parsed url   pathname: 'node-webkit',
6 verbose parsed url   path: 'node-webkit',
6 verbose parsed url   href: 'node-webkit' }
7 silly lockFile 671c93df-node-webkit node-webkit
8 verbose lock node-webkit /home/chris/.npm/671c93df-node-webkit.lock
9 silly lockFile 671c93df-node-webkit node-webkit
10 silly lockFile 671c93df-node-webkit node-webkit
11 verbose addNamed [ 'node-webkit', '' ]
12 verbose addNamed [ null, '*' ]
13 silly lockFile 0a8a37b3-node-webkit node-webkit@
14 verbose lock node-webkit@ /home/chris/.npm/0a8a37b3-node-webkit.lock
15 silly addNameRange { name: 'node-webkit', range: '*', hasData: false }
16 verbose request where is /node-webkit
17 verbose request registry https://registry.npmjs.org/
18 verbose request id b64d978a4954bcfe
19 verbose url raw /node-webkit
20 verbose url resolving [ 'https://registry.npmjs.org/', './node-webkit' ]
21 verbose url resolved https://registry.npmjs.org/node-webkit
22 verbose request where is https://registry.npmjs.org/node-webkit
23 info trying registry request attempt 1 at 00:12:53
24 http GET https://registry.npmjs.org/node-webkit
25 http 404 https://registry.npmjs.org/node-webkit
26 verbose headers { date: 'Sat, 31 Jan 2015 23:12:54 GMT',
26 verbose headers   server: 'CouchDB/1.5.0 (Erlang OTP/R16B03)',
26 verbose headers   'content-type': 'application/json',
26 verbose headers   'cache-control': 'max-age=0',
26 verbose headers   'content-length': '52',
26 verbose headers   'accept-ranges': 'bytes',
26 verbose headers   via: '1.1 varnish',
26 verbose headers   age: '0',
26 verbose headers   'x-served-by': 'cache-fra1241-FRA',
26 verbose headers   'x-cache': 'MISS',
26 verbose headers   'x-cache-hits': '0',
26 verbose headers   'x-timer': 'S1422745973.789963,VS0,VE687',
26 verbose headers   'keep-alive': 'timeout=10, max=50',
26 verbose headers   connection: 'Keep-Alive' }
27 silly registry.get cb [ 404,
27 silly registry.get   { date: 'Sat, 31 Jan 2015 23:12:54 GMT',
27 silly registry.get     server: 'CouchDB/1.5.0 (Erlang OTP/R16B03)',
27 silly registry.get     'content-type': 'application/json',
27 silly registry.get     'cache-control': 'max-age=0',
27 silly registry.get     'content-length': '52',
27 silly registry.get     'accept-ranges': 'bytes',
27 silly registry.get     via: '1.1 varnish',
27 silly registry.get     age: '0',
27 silly registry.get     'x-served-by': 'cache-fra1241-FRA',
27 silly registry.get     'x-cache': 'MISS',
27 silly registry.get     'x-cache-hits': '0',
27 silly registry.get     'x-timer': 'S1422745973.789963,VS0,VE687',
27 silly registry.get     'keep-alive': 'timeout=10, max=50',
27 silly registry.get     connection: 'Keep-Alive' } ]
28 silly lockFile 0a8a37b3-node-webkit node-webkit@
29 silly lockFile 0a8a37b3-node-webkit node-webkit@
30 error 404 404 Not Found: node-webkit
30 error 404
30 error 404 'node-webkit' is not in the npm registry.
30 error 404 You should bug the author to publish it
30 error 404
30 error 404 Maybe try 'npm search webkit'
30 error 404
30 error 404 Note that you can also install from a
30 error 404 tarball, folder, or http url, or git url.
31 error System Linux 3.13.0-44-generic
32 error command "/usr/local/bin/node" "/usr/local/bin/npm" "install" "node-webkit"
33 error cwd /home/chris/Workspace/PhpstormProjects/WebGlPlanets
34 error node -v v0.10.32
35 error npm -v 1.4.28
36 error code E404
37 verbose exit [ 1, true ]
